<?xml version="1.0" encoding="UTF-8"?>
<!-- Generated by org.testng.reporters.JUnitXMLReporter -->
<testsuite ignored="0" hostname="DESKTOP-K0P8G3R" failures="1" tests="1" name="ManageClient" time="0.055" errors="0" timestamp="2022-08-29T18:06:22 GST">
  <testcase classname="TPC.ManageClient" name="client" time="0.011">
    <failure type="java.lang.NullPointerException" message="Cannot invoke &amp;quot;org.openqa.selenium.WebDriver.findElement(org.openqa.selenium.By)&amp;quot; because &amp;quot;TPC.ManageClient.driver&amp;quot; is null">
      <![CDATA[java.lang.NullPointerException: Cannot invoke "org.openqa.selenium.WebDriver.findElement(org.openqa.selenium.By)" because "TPC.ManageClient.driver" is null
at TPC.ManageClient.client(ManageClient.java:19)
at java.base/java.util.ArrayList.forEach(ArrayList.java:1511)
... Removed 27 stack frames]]>
    </failure>
  </testcase> <!-- client -->
</testsuite> <!-- ManageClient -->
