<?xml version="1.0" encoding="UTF-8"?>
<testng-results ignored="0" total="2" passed="2" failed="0" skipped="0">
  <reporter-output>
  </reporter-output>
  <suite started-at="2022-10-01T19:43:16 GST" name="Default suite" finished-at="2022-10-01T19:43:57 GST" duration-ms="40510">
    <groups>
    </groups>
    <test started-at="2022-10-01T19:43:16 GST" name="Default test" finished-at="2022-10-01T19:43:57 GST" duration-ms="40510">
      <class name="TPC.TripandDispatch">
        <test-method signature="BrowserLaunchandLogin()[pri:0, instance:TPC.TripandDispatch@10d307f1]" started-at="2022-10-01T19:43:17 GST" name="BrowserLaunchandLogin" finished-at="2022-10-01T19:43:51 GST" duration-ms="34484" status="PASS">
          <reporter-output>
          </reporter-output>
        </test-method> <!-- BrowserLaunchandLogin -->
        <test-method signature="trips()[pri:0, instance:TPC.TripandDispatch@10d307f1]" started-at="2022-10-01T19:43:51 GST" name="trips" finished-at="2022-10-01T19:43:57 GST" duration-ms="5989" status="PASS">
          <reporter-output>
          </reporter-output>
        </test-method> <!-- trips -->
      </class> <!-- TPC.TripandDispatch -->
    </test> <!-- Default test -->
  </suite> <!-- Default suite -->
</testng-results>
