<?xml version="1.0" encoding="UTF-8"?>
<testng-results ignored="0" total="2" passed="2" failed="0" skipped="0">
  <reporter-output>
  </reporter-output>
  <suite started-at="2022-10-10T14:53:37 GST" name="Default suite" finished-at="2022-10-10T14:54:38 GST" duration-ms="61358">
    <groups>
    </groups>
    <test started-at="2022-10-10T14:53:37 GST" name="Default test" finished-at="2022-10-10T14:54:38 GST" duration-ms="61358">
      <class name="TPC.Geofence">
        <test-method signature="BrowserLaunchandLogin()[pri:0, instance:TPC.Geofence@429bffaa]" started-at="2022-10-10T14:53:37 GST" name="BrowserLaunchandLogin" finished-at="2022-10-10T14:54:29 GST" duration-ms="52312" status="PASS">
          <reporter-output>
          </reporter-output>
        </test-method> <!-- BrowserLaunchandLogin -->
        <test-method signature="geofence()[pri:0, instance:TPC.Geofence@429bffaa]" started-at="2022-10-10T14:54:29 GST" name="geofence" finished-at="2022-10-10T14:54:38 GST" duration-ms="8980" status="PASS">
          <reporter-output>
          </reporter-output>
        </test-method> <!-- geofence -->
      </class> <!-- TPC.Geofence -->
    </test> <!-- Default test -->
  </suite> <!-- Default suite -->
</testng-results>
